<?xml version="1.0" encoding="UTF-8"?>
<!-- Generated by org.testng.reporters.JUnitXMLReporter -->
<testsuite ignored="0" hostname="Sevvelkarans-MacBook-Air.local" failures="0" tests="1" name="JUnit and TestNG Tests" time="0.093" errors="0" timestamp="2025-03-24T22:41:52 IST">
  <testcase classname="TEST.TestNGTest" name="testTestNGExample" time="0.021"/>
</testsuite> <!-- JUnit and TestNG Tests -->
