<?xml version="1.0" encoding="UTF-8"?>
<!-- Generated by org.testng.reporters.JUnitReportReporter -->
<testsuite hostname="Sevvelkarans-MacBook-Air.local" failures="0" tests="3" name="Runner.Runner" time="33.781" errors="0" timestamp="2025-06-17T22:06:24 IST" skipped="0">
  <testcase classname="Runner.Runner" name="runScenario" time="5.485"/>
  <testcase classname="Runner.Runner" name="runScenario" time="22.860"/>
  <testcase classname="Runner.Runner" name="runScenario" time="5.436"/>
</testsuite> <!-- Runner.Runner -->
