<?xml version="1.0" encoding="UTF-8"?>
<!-- Generated by org.testng.reporters.JUnitReportReporter -->
<testsuite hostname="Sevvelkarans-MacBook-Air.local" failures="0" tests="1" name="com.test_basics.Demo1" time="6.257" errors="0" timestamp="2025-03-21T11:59:30 IST" skipped="0">
  <testcase classname="com.test_basics.Demo1" name="f" time="6.257"/>
</testsuite> <!-- com.test_basics.Demo1 -->
