<?xml version="1.0" encoding="UTF-8"?>
<!-- Generated by org.testng.reporters.JUnitReportReporter -->
<testsuite hostname="Sevvelkarans-MacBook-Air.local" failures="0" tests="1" name="com.test_basics.Demo1" time="5.196" errors="0" timestamp="2025-03-20T22:18:29 IST" skipped="0">
  <testcase classname="com.test_basics.Demo1" name="f" time="5.196"/>
</testsuite> <!-- com.test_basics.Demo1 -->
