<?xml version="1.0" encoding="UTF-8"?>
<!-- Generated by org.testng.reporters.JUnitReportReporter -->
<testsuite hostname="Sevvelkarans-MacBook-Air.local" failures="0" tests="3" name="DataProvider.DataProviderDemo" time="31.933" errors="0" timestamp="2025-03-25T12:14:31 IST" skipped="0">
  <testcase classname="DataProvider.DataProviderDemo" name="search" time="9.379"/>
  <testcase classname="DataProvider.DataProviderDemo" name="search" time="12.326"/>
  <testcase classname="DataProvider.DataProviderDemo" name="search" time="10.228"/>
</testsuite> <!-- DataProvider.DataProviderDemo -->
