<?xml version="1.0" encoding="UTF-8"?>
<!-- Generated by org.testng.reporters.JUnitReportReporter -->
<testsuite hostname="Sevvelkarans-MacBook-Air.local" failures="0" tests="1" name="POM_Basics.PoM_Basics" time="5.015" errors="0" timestamp="2025-03-24T11:25:56 IST" skipped="0">
  <testcase classname="POM_Basics.PoM_Basics" name="googleSearchTest" time="5.015"/>
</testsuite> <!-- POM_Basics.PoM_Basics -->
