<?xml version="1.0" encoding="UTF-8"?>
<!-- Generated by org.testng.reporters.JUnitReportReporter -->
<testsuite hostname="Sevvelkarans-MacBook-Air.local" failures="0" tests="3" name="DataProvider.DataProviderDemo" time="38.767" errors="0" timestamp="2025-03-25T13:27:09 IST" skipped="0">
  <testcase classname="DataProvider.DataProviderDemo" name="search" time="12.048"/>
  <testcase classname="DataProvider.DataProviderDemo" name="search" time="12.480"/>
  <testcase classname="DataProvider.DataProviderDemo" name="search" time="14.239"/>
</testsuite> <!-- DataProvider.DataProviderDemo -->
