<?xml version="1.0" encoding="UTF-8"?>
<!-- Generated by org.testng.reporters.JUnitReportReporter -->
<testsuite hostname="Sevvelkarans-MacBook-Air.local" failures="0" tests="1" name="com.test_basics.Assert" time="0.018" errors="0" timestamp="2025-03-20T16:07:26 IST" skipped="0">
  <testcase classname="com.test_basics.Assert" name="testAssertion" time="0.018"/>
</testsuite> <!-- com.test_basics.Assert -->
