<?xml version="1.0" encoding="UTF-8"?>
<!-- Generated by org.testng.reporters.JUnitReportReporter -->
<testsuite hostname="Sevvelkarans-MacBook-Air.local" failures="0" tests="6" name="com.test_basics.OrangeHrm" time="34.327" errors="0" timestamp="2025-03-21T16:37:29 IST" skipped="0">
  <testcase classname="com.test_basics.OrangeHrm" name="parametertest" time="11.587"/>
  <testcase classname="com.test_basics.OrangeHrm" name="parametertest" time="8.770"/>
  <testcase classname="com.test_basics.OrangeHrm" name="parametertest" time="1.082"/>
  <testcase classname="com.test_basics.OrangeHrm" name="parametertest" time="0.816"/>
  <testcase classname="com.test_basics.OrangeHrm" name="parametertest" time="8.699"/>
  <testcase classname="com.test_basics.OrangeHrm" name="parametertest" time="3.373"/>
</testsuite> <!-- com.test_basics.OrangeHrm -->
