<?xml version="1.0" encoding="UTF-8"?>
<!-- Generated by org.testng.reporters.JUnitReportReporter -->
<testsuite hostname="Sevvelkarans-MacBook-Air.local" failures="0" tests="1" name="com.tests.DashBoardTest" time="11.087" errors="0" timestamp="2025-03-24T16:02:38 IST" skipped="0">
  <testcase classname="com.tests.DashBoardTest" name="dashBoardTest" time="11.087"/>
</testsuite> <!-- com.tests.DashBoardTest -->
