<?xml version="1.0" encoding="UTF-8"?>
<!-- Generated by org.testng.reporters.JUnitReportReporter -->
<testsuite hostname="Sevvelkarans-MacBook-Air.local" failures="0" tests="2" name="com.test_basics.Params" time="0.036" errors="0" timestamp="2025-03-21T14:59:34 IST" skipped="0">
  <testcase classname="com.test_basics.Params" name="sub" time="0.032"/>
  <testcase classname="com.test_basics.Params" name="sum" time="0.004"/>
</testsuite> <!-- com.test_basics.Params -->
