<?xml version="1.0" encoding="UTF-8"?>
<!-- Generated by org.testng.reporters.JUnitReportReporter -->
<testsuite hostname="Sevvelkarans-MacBook-Air.local" failures="0" tests="2" name="com.test_basics.NewTest" time="0.038" errors="0" timestamp="2025-03-21T12:21:47 IST" skipped="0">
  <testcase classname="com.test_basics.NewTest" name="Logout" time="0.003"/>
  <testcase classname="com.test_basics.NewTest" name="Login" time="0.035"/>
</testsuite> <!-- com.test_basics.NewTest -->
