<?xml version="1.0" encoding="UTF-8"?>
<!-- Generated by org.testng.reporters.JUnitReportReporter -->
<testsuite hostname="Sevvelkarans-MacBook-Air.local" failures="0" tests="2" name="DataProvider.DataProviderDemo" time="19.489" errors="0" timestamp="2025-03-25T11:49:59 IST" skipped="0">
  <testcase classname="DataProvider.DataProviderDemo" name="search" time="11.608"/>
  <testcase classname="DataProvider.DataProviderDemo" name="search" time="7.881"/>
</testsuite> <!-- DataProvider.DataProviderDemo -->
