<?xml version="1.0" encoding="UTF-8"?>
<!-- Generated by org.testng.reporters.JUnitReportReporter -->
<testsuite hostname="Sevvelkarans-MacBook-Air.local" failures="0" tests="2" name="com.test_basics.NewTest" time="0.096" errors="0" timestamp="2025-03-24T09:59:05 IST" skipped="0">
  <testcase classname="com.test_basics.NewTest" name="Login" time="0.064"/>
  <testcase classname="com.test_basics.NewTest" name="Logout" time="0.032"/>
</testsuite> <!-- com.test_basics.NewTest -->
