<?xml version="1.0" encoding="UTF-8"?>
<!-- Generated by org.testng.reporters.JUnitReportReporter -->
<testsuite hostname="Sevvelkarans-MacBook-Air.local" failures="0" tests="1" name="TEST.JUnitTestRunner" time="0.131" errors="0" timestamp="2025-03-24T23:04:09 IST" skipped="0">
  <testcase classname="TEST.JUnitTestRunner" name="runJUnitTests" time="0.131"/>
</testsuite> <!-- TEST.JUnitTestRunner -->
