<?xml version="1.0" encoding="UTF-8"?>
<!-- Generated by org.testng.reporters.JUnitReportReporter -->
<testsuite hostname="Sevvelkarans-MacBook-Air.local" failures="0" tests="1" name="com.tests.LoginTest" time="11.464" errors="0" timestamp="2025-03-24T16:38:46 IST" skipped="0">
  <testcase classname="com.tests.LoginTest" name="loginTest" time="11.464"/>
</testsuite> <!-- com.tests.LoginTest -->
