<?xml version="1.0" encoding="UTF-8"?>
<!-- Generated by org.testng.reporters.JUnitReportReporter -->
<testsuite hostname="Sevvelkarans-MacBook-Air.local" failures="0" tests="3" name="DataProvider.DataProviderExcel" time="67.147" errors="0" timestamp="2025-03-25T16:09:32 IST" skipped="0">
  <testcase classname="DataProvider.DataProviderExcel" name="search" time="20.745"/>
  <testcase classname="DataProvider.DataProviderExcel" name="search" time="21.280"/>
  <testcase classname="DataProvider.DataProviderExcel" name="search" time="25.122"/>
</testsuite> <!-- DataProvider.DataProviderExcel -->
