<?xml version="1.0" encoding="UTF-8"?>
<!-- Generated by org.testng.reporters.JUnitReportReporter -->
<testsuite hostname="Sevvelkarans-MacBook-Air.local" failures="0" tests="3" name="com.test_basics.Priority" time="7.671" errors="0" timestamp="2025-03-21T13:04:08 IST" skipped="0">
  <testcase classname="com.test_basics.Priority" name="f1" time="0.818"/>
  <testcase classname="com.test_basics.Priority" name="f2" time="0.290"/>
  <testcase classname="com.test_basics.Priority" name="f" time="6.563"/>
</testsuite> <!-- com.test_basics.Priority -->
