<?xml version="1.0" encoding="UTF-8"?>
<!-- Generated by org.testng.reporters.JUnitReportReporter -->
<testsuite hostname="Sevvelkarans-MacBook-Air.local" failures="0" tests="1" name="com.test_basics.Demo1" time="13.010" errors="0" timestamp="2025-03-20T15:13:10 IST" skipped="0">
  <testcase classname="com.test_basics.Demo1" name="f" time="13.010"/>
</testsuite> <!-- com.test_basics.Demo1 -->
