<?xml version="1.0" encoding="UTF-8"?>
<!-- Generated by org.testng.reporters.JUnitReportReporter -->
<testsuite hostname="Sevvelkarans-MacBook-Air.local" failures="0" tests="1" name="TEST.TestNGTest" time="0.019" errors="0" timestamp="2025-03-24T22:58:38 IST" skipped="0">
  <testcase classname="TEST.TestNGTest" name="testTestNGExample" time="0.019"/>
</testsuite> <!-- TEST.TestNGTest -->
