<?xml version="1.0" encoding="UTF-8"?>
<!-- Generated by org.testng.reporters.JUnitReportReporter -->
<testsuite hostname="Sevvelkarans-MacBook-Air.local" failures="0" tests="5" name="com.test_basics.Priority" time="0.036" errors="0" timestamp="2025-03-21T12:35:39 IST" skipped="0">
  <testcase classname="com.test_basics.Priority" name="r" time="0.004"/>
  <testcase classname="com.test_basics.Priority" name="t" time="0.003"/>
  <testcase classname="com.test_basics.Priority" name="w" time="0.009"/>
  <testcase classname="com.test_basics.Priority" name="q" time="0.003"/>
  <testcase classname="com.test_basics.Priority" name="f" time="0.017"/>
</testsuite> <!-- com.test_basics.Priority -->
