<?xml version="1.0" encoding="UTF-8"?>
<!-- Generated by org.testng.reporters.JUnitReportReporter -->
<testsuite hostname="Sevvelkarans-MacBook-Air.local" failures="0" tests="1" name="com.test_basics.TutorialsNinja" time="2.448" errors="0" timestamp="2025-03-21T10:04:54 IST" skipped="0">
  <testcase classname="com.test_basics.TutorialsNinja" name="verify" time="2.448"/>
</testsuite> <!-- com.test_basics.TutorialsNinja -->
