<?xml version="1.0" encoding="UTF-8"?>
<!-- Generated by org.testng.reporters.JUnitReportReporter -->
<testsuite hostname="Sevvelkarans-MacBook-Air.local" failures="0" tests="1" name="com.tests.DashBoardTest" time="8.823" errors="0" timestamp="2025-03-24T16:29:09 IST" skipped="0">
  <testcase classname="com.tests.DashBoardTest" name="dashBoardTest" time="8.823"/>
</testsuite> <!-- com.tests.DashBoardTest -->
