<?xml version="1.0" encoding="UTF-8"?>
<!-- Generated by org.testng.reporters.JUnitReportReporter -->
<testsuite hostname="Sevvelkarans-MacBook-Air.local" failures="0" tests="3" name="DataProvider.DataProviderDemo" time="41.400" errors="0" timestamp="2025-03-25T14:19:27 IST" skipped="0">
  <testcase classname="DataProvider.DataProviderDemo" name="search" time="12.688"/>
  <testcase classname="DataProvider.DataProviderDemo" name="search" time="13.601"/>
  <testcase classname="DataProvider.DataProviderDemo" name="search" time="15.111"/>
</testsuite> <!-- DataProvider.DataProviderDemo -->
